<test-run id="2" testcasecount="3" result="Passed" start-time="2023-05-05 06:28:49.260004" end-time="2023-05-05 06:28:58.720236" duration="9" total="3" passed="3" failed="0" inconclusive="0" skipped="0" asserts="0" clr-version="3.10.6 (main, Oct 24 2022, 16:07:47) [GCC 11.2.0]" engine-version="3.6.2"><command-line>/home/piotrm/anaconda3/envs/demo3/lib/python3.10/site-packages/pytest/__main__.py -s test_tru_chain.py</command-line><filter><test re="0">test_tru_chain.py</test></filter><test-suite id="test_tru_chain.py::TestTruChain" name="test_tru_chain.py::TestTruChain" fullname="test_tru_chain.py::TestTruChain" methodname="" classname="" runstate="Runnable" type="Assembly" testcasecount="3" result="Passed" label="" start-time="2023-05-05 06:28:53.895636" end-time="2023-05-05 06:28:58.720022" duration="4.824386" asserts="0" total="3" passed="3" failed="0" warnings="0" inconclusive="0" skipped="0"><properties><property name="python_version" value="3.10.6 (main, Oct 24 2022, 16:07:47) [GCC 11.2.0]" /></properties><test-case id="100" name="test_tru_chain.py::TestTruChain::test_qa_prompt" fullname="test_tru_chain.py::TestTruChain::test_qa_prompt" methodname="test_qa_prompt" classname="TestTruChain" runstate="Runnable" seed="1" result="Passed" label="" start-time="2023-05-05 06:28:53.895636" end-time="2023-05-05 06:28:54.910910" duration="1.015274" asserts="0"><properties><property name="python-version" value="3.10.6 (main, Oct 24 2022, 16:07:47) [GCC 11.2.0]" /><property name="fspath" value="test_tru_chain.py" /></properties><environment framework-version="3.6.2" clr-version="3.10.6 (main, Oct 24 2022, 16:07:47) [GCC 11.2.0]" os-version="5.15.0-69-generic" platform="Linux" cwd="/home/piotrm/repos/llm-experiments" machine-name="x86_64" user="" user-domain="" culture="en_US" uiculture="en_US" os-architecture="64bit" /><failure><message><![CDATA[]]></message><stack-trace><![CDATA[None]]></stack-trace></failure><reason><message><![CDATA[]]></message></reason><output><![CDATA[]]></output></test-case><test-case id="101" name="test_tru_chain.py::TestTruChain::test_qa_db" fullname="test_tru_chain.py::TestTruChain::test_qa_db" methodname="test_qa_db" classname="TestTruChain" runstate="Runnable" seed="1" result="Passed" label="" start-time="2023-05-05 06:28:55.577704" end-time="2023-05-05 06:28:57.165600" duration="1.587896" asserts="0"><properties><property name="python-version" value="3.10.6 (main, Oct 24 2022, 16:07:47) [GCC 11.2.0]" /><property name="fspath" value="test_tru_chain.py" /></properties><environment framework-version="3.6.2" clr-version="3.10.6 (main, Oct 24 2022, 16:07:47) [GCC 11.2.0]" os-version="5.15.0-69-generic" platform="Linux" cwd="/home/piotrm/repos/llm-experiments" machine-name="x86_64" user="" user-domain="" culture="en_US" uiculture="en_US" os-architecture="64bit" /><failure><message><![CDATA[]]></message><stack-trace><![CDATA[None]]></stack-trace></failure><reason><message><![CDATA[]]></message></reason><output><![CDATA[]]></output></test-case><test-case id="102" name="test_tru_chain.py::TestTruChain::test_sequential" fullname="test_tru_chain.py::TestTruChain::test_sequential" methodname="test_sequential" classname="TestTruChain" runstate="Runnable" seed="1" result="Passed" label="" start-time="2023-05-05 06:28:57.669839" end-time="2023-05-05 06:28:58.720022" duration="1.050183" asserts="0"><properties><property name="python-version" value="3.10.6 (main, Oct 24 2022, 16:07:47) [GCC 11.2.0]" /><property name="fspath" value="test_tru_chain.py" /></properties><environment framework-version="3.6.2" clr-version="3.10.6 (main, Oct 24 2022, 16:07:47) [GCC 11.2.0]" os-version="5.15.0-69-generic" platform="Linux" cwd="/home/piotrm/repos/llm-experiments" machine-name="x86_64" user="" user-domain="" culture="en_US" uiculture="en_US" os-architecture="64bit" /><failure><message><![CDATA[]]></message><stack-trace><![CDATA[None]]></stack-trace></failure><reason><message><![CDATA[]]></message></reason><output><![CDATA[]]></output></test-case><environment framework-version="3.6.2" clr-version="3.10.6 (main, Oct 24 2022, 16:07:47) [GCC 11.2.0]" os-version="5.15.0-69-generic" platform="Linux" cwd="/home/piotrm/repos/llm-experiments" machine-name="x86_64" user="" user-domain="" culture="en_US" uiculture="en_US" os-architecture="64bit" /></test-suite></test-run>