<test-run id="2" testcasecount="0" result="Passed" start-time="2023-05-05 06:08:03.640995" end-time="2023-05-05 06:08:05.893927" duration="2" total="0" passed="0" failed="0" inconclusive="0" skipped="0" asserts="0" clr-version="3.10.6 (main, Oct 24 2022, 16:07:47) [GCC 11.2.0]" engine-version="3.6.2"><command-line>/home/piotrm/anaconda3/envs/demo3/lib/python3.10/site-packages/pytest/__main__.py -s test_tru_chain.py</command-line><filter><test re="0">test_tru_chain.py</test></filter></test-run>